#
# A fatal error has been detected by the Java Runtime Environment:
#
#  EXCEPTION_ACCESS_VIOLATION (0xc0000005) at pc=0x0000000066635553, pid=10232, tid=0x0000000000000f84
#
# JRE version: Java(TM) SE Runtime Environment (8.0_291-b10) (build 1.8.0_291-b10)
# Java VM: Java HotSpot(TM) 64-Bit Server VM (25.291-b10 mixed mode windows-amd64 compressed oops)
# Problematic frame:
# V  [jvm.dll+0x105553]
#
# Failed to write core dump. Minidumps are not enabled by default on client versions of Windows
#
# If you would like to submit a bug report, please visit:
#   http://bugreport.java.com/bugreport/crash.jsp
#

---------------  T H R E A D  ---------------

Current thread (0x0000000054ea2800):  VMThread [stack: 0x0000000055f50000,0x0000000056050000] [id=3972]

siginfo: ExceptionCode=0xc0000005, reading address 0xffffffffffffffff

Registers:
RAX=0x0000000000000013, RBX=0x000000005604f5b0, RCX=0x000000005604f5b0, RDX=0xffffffffffffcad3
RSP=0x000000005604f3d0, RBP=0x0000000000000000, RSI=0x000000000000009a, RDI=0x000000000000009a
R8 =0x0000000000000013, R9 =0x00000000003edd00, R10=0x03ffffffffffff2b, R11=0x00000000547317f6
R12=0x00000000003edc60, R13=0x0000000000000001, R14=0x0000000066635530, R15=0x00000000000000a6
RIP=0x0000000066635553, EFLAGS=0x0000000000010a06

Top of Stack: (sp=0x000000005604f3d0)
0x000000005604f3d0:   00000000547318f0 00000000000000a6
0x000000005604f3e0:   000000005604f5b0 000000006663538e
0x000000005604f3f0:   000000005604f5b0 0000000066639348
0x000000005604f400:   000000005604f5b0 000000000000009a
0x000000005604f410:   0000000054ea2800 00000000665b6cc8
0x000000005604f420:   00000000547318f0 000000005604f480
0x000000005604f430:   00000000000000a6 0000000054731826
0x000000005604f440:   000000000000009a 0000000066639899
0x000000005604f450:   00000000547318f0 000000005604f5b0
0x000000005604f460:   000000005604f4b0 000000000000009a
0x000000005604f470:   00000000547318f0 0000000054ea2800
0x000000005604f480:   00000000547318f0 0000000054ea2800
0x000000005604f490:   000000a9000000a6 0000009a000000f0
0x000000005604f4a0:   0000000000000000 000000000000009a
0x000000005604f4b0:   0000000000000000 0000000000000000
0x000000005604f4c0:   00000000003ee038 00000000003edc60 

Instructions: (pc=0x0000000066635553)
0x0000000066635533:   83 ec 20 4c 8b 89 90 00 00 00 48 8b d9 48 63 d2
0x0000000066635543:   0f b6 c2 4c 8b d2 24 3f 49 c1 ea 06 44 0f b6 c0
0x0000000066635553:   4b 8b 04 d1 4c 0f a3 c0 72 0f 48 83 c1 70 41 b0
0x0000000066635563:   01 e8 77 4b 16 00 ff 43 6c 48 83 c4 20 5b c3 cc 


Register to memory mapping:

RAX=0x0000000000000013 is an unknown value
RBX=0x000000005604f5b0 is an unknown value
RCX=0x000000005604f5b0 is an unknown value
RDX=0xffffffffffffcad3 is an unknown value
RSP=0x000000005604f3d0 is an unknown value
RBP=0x0000000000000000 is an unknown value
RSI=0x000000000000009a is an unknown value
RDI=0x000000000000009a is an unknown value
R8 =0x0000000000000013 is an unknown value
R9 =0x00000000003edd00 is an unknown value
R10=0x03ffffffffffff2b is an unknown value
R11=0x00000000547317f6 is pointing into metadata
R12=0x00000000003edc60 is an unknown value
R13=0x0000000000000001 is an unknown value
R14=0x0000000066635530 is an unknown value
R15=0x00000000000000a6 is an unknown value


Stack: [0x0000000055f50000,0x0000000056050000],  sp=0x000000005604f3d0,  free space=1020k
Native frames: (J=compiled Java code, j=interpreted, Vv=VM code, C=native code)

VM_Operation (0x0000000056d2f440): GetOrSetLocal, mode: safepoint, requested by thread 0x0000000054f1e800


---------------  P R O C E S S  ---------------

Java Threads: ( => current thread )
  0x000000005717e000 JavaThread "Service Thread" daemon [_thread_blocked, id=10824, stack(0x0000000057840000,0x0000000057940000)]
  0x00000000570d6800 JavaThread "C1 CompilerThread2" daemon [_thread_blocked, id=3224, stack(0x0000000057710000,0x0000000057810000)]
  0x00000000570d5800 JavaThread "C2 CompilerThread1" daemon [_thread_blocked, id=3336, stack(0x0000000057540000,0x0000000057640000)]
  0x00000000571ad800 JavaThread "C2 CompilerThread0" daemon [_thread_blocked, id=11016, stack(0x0000000057430000,0x0000000057530000)]
  0x0000000054f27000 JavaThread "JDWP Command Reader" daemon [_thread_in_native, id=8312, stack(0x00000000562e0000,0x00000000563e0000)]
  0x0000000054f23000 JavaThread "JDWP Event Helper Thread" daemon [_thread_blocked, id=11204, stack(0x0000000056f30000,0x0000000057030000)]
  0x0000000054f1e800 JavaThread "JDWP Transport Listener: dt_socket" daemon [_thread_blocked, id=4188, stack(0x0000000056c30000,0x0000000056d30000)]
  0x0000000054f08000 JavaThread "Attach Listener" daemon [_thread_blocked, id=7912, stack(0x00000000560b0000,0x00000000561b0000)]
  0x0000000054f06800 JavaThread "Signal Dispatcher" daemon [_thread_blocked, id=8860, stack(0x00000000565f0000,0x00000000566f0000)]
  0x0000000054bca800 JavaThread "Finalizer" daemon [_thread_blocked, id=1344, stack(0x00000000563f0000,0x00000000564f0000)]
  0x0000000054bc3000 JavaThread "Reference Handler" daemon [_thread_blocked, id=2828, stack(0x00000000561e0000,0x00000000562e0000)]
  0x000000000039a000 JavaThread "main" [_thread_blocked, id=7188, stack(0x0000000002070000,0x0000000002170000)]

Other Threads:
=>0x0000000054ea2800 VMThread [stack: 0x0000000055f50000,0x0000000056050000] [id=3972]
  0x00000000570e8000 WatcherThread [stack: 0x0000000056870000,0x0000000056970000] [id=11144]

VM state:at safepoint (normal execution)

VM Mutex/Monitor currently owned by a thread:  ([mutex/lock_event])
[0x0000000000398200] Threads_lock - owner thread: 0x0000000054ea2800

heap address: 0x00000000c1e00000, size: 994 MB, Compressed Oops mode: 32-bit
Narrow klass base: 0x0000000000000000, Narrow klass shift: 0
Compressed class space size: 1073741824 Address: 0x00000000142d0000

Heap:
 PSYoungGen      total 18944K, used 6954K [0x00000000eb500000, 0x00000000eca00000, 0x0000000100000000)
  eden space 16384K, 42% used [0x00000000eb500000,0x00000000ebbcab20,0x00000000ec500000)
  from space 2560K, 0% used [0x00000000ec780000,0x00000000ec780000,0x00000000eca00000)
  to   space 2560K, 0% used [0x00000000ec500000,0x00000000ec500000,0x00000000ec780000)
 ParOldGen       total 44032K, used 0K [0x00000000c1e00000, 0x00000000c4900000, 0x00000000eb500000)
  object space 44032K, 0% used [0x00000000c1e00000,0x00000000c1e00000,0x00000000c4900000)
 Metaspace       used 5180K, capacity 5266K, committed 5504K, reserved 1056768K
  class space    used 531K, capacity 561K, committed 640K, reserved 1048576K

Card table byte_map: [0x0000000011900000,0x0000000011b00000] byte_map_base: 0x00000000112f1000

Marking Bits: (ParMarkBitMap*) 0x0000000066d17fe0
 Begin Bits: [0x00000000121c0000, 0x0000000013148000)
 End Bits:   [0x0000000013148000, 0x00000000140d0000)

Polling page: 0x0000000000430000

CodeCache: size=245760Kb used=1427Kb max_used=1434Kb free=244332Kb
 bounds [0x0000000002540000, 0x00000000027b0000, 0x0000000011540000]
 total_blobs=432 nmethods=148 adapters=205
 compilation: enabled

Compilation events (10 events):
Event: 11839.213 Thread 0x00000000570d5800  144       4       java.lang.String::equals (81 bytes)
Event: 11839.223 Thread 0x00000000570d5800 nmethod 144 0x00000000026a1150 code [0x00000000026a12a0, 0x00000000026a1578]
Event: 12132.748 Thread 0x00000000570d6800  145       3       java.lang.String::isEmpty (14 bytes)
Event: 12132.748 Thread 0x00000000570d6800 nmethod 145 0x00000000026a0cd0 code [0x00000000026a0e20, 0x00000000026a0fd0]
Event: 12132.749 Thread 0x00000000570d6800  146       3       org.eclipse.jdt.launching.internal.org.objectweb.asm.ClassReader::readShort (27 bytes)
Event: 12132.749 Thread 0x00000000570d6800 nmethod 146 0x00000000026a2810 code [0x00000000026a2960, 0x00000000026a2b10]
Event: 12504.013 Thread 0x00000000570d6800  147       3       org.eclipse.jdt.launching.internal.org.objectweb.asm.ByteVector::putInt (74 bytes)
Event: 12504.014 Thread 0x00000000570d6800 nmethod 147 0x00000000026a2250 code [0x00000000026a23c0, 0x00000000026a2668]
Event: 17060.854 Thread 0x00000000570d6800  148       3       org.eclipse.jdt.launching.internal.org.objectweb.asm.ByteVector::<init> (13 bytes)
Event: 17060.920 Thread 0x00000000570d6800 nmethod 148 0x00000000026a1dd0 code [0x00000000026a1f40, 0x00000000026a2190]

GC Heap History (0 events):
No events

Deoptimization events (0 events):
No events

Classes redefined (10 events):
Event: 10306.094 Thread 0x0000000054ea2800 redefined class name=automation.AutomationofNukri, count=11
Event: 10985.240 Thread 0x0000000054ea2800 redefined class name=automation.AutomationofNukri, count=12
Event: 11011.291 Thread 0x0000000054ea2800 redefined class name=automation.AutomationofNukri, count=13
Event: 11653.587 Thread 0x0000000054ea2800 redefined class name=automation.AutomationofNukri, count=14
Event: 11839.215 Thread 0x0000000054ea2800 redefined class name=automation.AutomationofNukri, count=15
Event: 12132.751 Thread 0x0000000054ea2800 redefined class name=automation.AutomationofNukri, count=16
Event: 12504.055 Thread 0x0000000054ea2800 redefined class name=automation.AutomationofNukri, count=17
Event: 13270.818 Thread 0x0000000054ea2800 redefined class name=automation.AutomationofNukri, count=18
Event: 17060.969 Thread 0x0000000054ea2800 redefined class name=automation.AutomationofNukri, count=19
Event: 17271.920 Thread 0x0000000054ea2800 redefined class name=automation.AutomationofNukri, count=20

Internal exceptions (2 events):
Event: 0.059 Thread 0x000000000039a000 Exception <a 'java/lang/NoSuchMethodError': Method sun.misc.Unsafe.defineClass(Ljava/lang/String;[BII)Ljava/lang/Class; name or signature does not match> (0x00000000eb507cc0) thrown at [C:\jenkins\workspace\8-2-build-windows-amd64-cygwin\jdk8u291\1294\hot
Event: 0.060 Thread 0x000000000039a000 Exception <a 'java/lang/NoSuchMethodError': Method sun.misc.Unsafe.prefetchRead(Ljava/lang/Object;J)V name or signature does not match> (0x00000000eb507fa8) thrown at [C:\jenkins\workspace\8-2-build-windows-amd64-cygwin\jdk8u291\1294\hotspot\src\share\vm\

Events (10 events):
Event: 17290.212 Executing VM operation: GetCurrentContendedMonitor done
Event: 17290.212 Executing VM operation: GetOwnedMonitorInfo
Event: 17290.212 Executing VM operation: GetOwnedMonitorInfo done
Event: 17291.396 Executing VM operation: GetOwnedMonitorInfo
Event: 17291.396 Executing VM operation: GetOwnedMonitorInfo done
Event: 17291.397 Executing VM operation: GetCurrentContendedMonitor
Event: 17291.397 Executing VM operation: GetCurrentContendedMonitor done
Event: 17291.878 Executing VM operation: GetOwnedMonitorInfo
Event: 17291.879 Executing VM operation: GetOwnedMonitorInfo done
Event: 17291.907 Executing VM operation: GetOrSetLocal


Dynamic libraries:
0x000000013fd90000 - 0x000000013fdd7000 	C:\Program Files\Java\jdk1.8.0_291\bin\javaw.exe
0x0000000077800000 - 0x000000007799f000 	C:\Windows\SYSTEM32\ntdll.dll
0x00000000776e0000 - 0x00000000777ff000 	C:\Windows\system32\kernel32.dll
0x000007fefd4e0000 - 0x000007fefd547000 	C:\Windows\system32\KERNELBASE.dll
0x000007fefde50000 - 0x000007fefdf2b000 	C:\Windows\system32\ADVAPI32.dll
0x000007fefe570000 - 0x000007fefe60f000 	C:\Windows\system32\msvcrt.dll
0x000007fefd970000 - 0x000007fefd98f000 	C:\Windows\SYSTEM32\sechost.dll
0x000007fefdaa0000 - 0x000007fefdbcc000 	C:\Windows\system32\RPCRT4.dll
0x00000000775e0000 - 0x00000000776db000 	C:\Windows\system32\USER32.dll
0x000007fefe6c0000 - 0x000007fefe727000 	C:\Windows\system32\GDI32.dll
0x000007fefe610000 - 0x000007fefe61e000 	C:\Windows\system32\LPK.dll
0x000007fefdf30000 - 0x000007fefdffb000 	C:\Windows\system32\USP10.dll
0x000007fefbb10000 - 0x000007fefbd05000 	C:\Windows\WinSxS\amd64_microsoft.windows.common-controls_6595b64144ccf1df_6.0.7601.24483_none_e372d88f30fbb845\COMCTL32.dll
0x000007fefd710000 - 0x000007fefd781000 	C:\Windows\system32\SHLWAPI.dll
0x000007fefe4c0000 - 0x000007fefe4ee000 	C:\Windows\system32\IMM32.DLL
0x000007fefd990000 - 0x000007fefda9b000 	C:\Windows\system32\MSCTF.dll
0x000007fef6950000 - 0x000007fef6953000 	C:\Windows\system32\api-ms-win-core-synch-l1-2-0.DLL
0x000007feface0000 - 0x000007fefacf5000 	C:\Program Files\Java\jdk1.8.0_291\jre\bin\vcruntime140.dll
0x000007fefbac0000 - 0x000007fefbac4000 	C:\Windows\system32\api-ms-win-crt-runtime-l1-1-0.dll
0x000007feed9a0000 - 0x000007feeda94000 	C:\Windows\system32\ucrtbase.DLL
0x000007fefb4c0000 - 0x000007fefb4c3000 	C:\Windows\system32\api-ms-win-core-timezone-l1-1-0.dll
0x000007fefb0b0000 - 0x000007fefb0b3000 	C:\Windows\system32\api-ms-win-core-file-l2-1-0.dll
0x000007fefa870000 - 0x000007fefa873000 	C:\Windows\system32\api-ms-win-core-localization-l1-2-0.dll
0x000007fefac70000 - 0x000007fefac73000 	C:\Windows\system32\api-ms-win-core-processthreads-l1-1-1.dll
0x000007fefa860000 - 0x000007fefa863000 	C:\Windows\system32\api-ms-win-core-file-l1-2-0.dll
0x000007fefa850000 - 0x000007fefa853000 	C:\Windows\system32\api-ms-win-crt-heap-l1-1-0.dll
0x000007fefa120000 - 0x000007fefa124000 	C:\Windows\system32\api-ms-win-crt-string-l1-1-0.dll
0x000007fefa130000 - 0x000007fefa134000 	C:\Windows\system32\api-ms-win-crt-stdio-l1-1-0.dll
0x000007fef9d50000 - 0x000007fef9d54000 	C:\Windows\system32\api-ms-win-crt-convert-l1-1-0.dll
0x000007fef70c0000 - 0x000007fef715b000 	C:\Program Files\Java\jdk1.8.0_291\jre\bin\msvcp140.dll
0x000007fef8a70000 - 0x000007fef8a73000 	C:\Windows\system32\api-ms-win-crt-locale-l1-1-0.dll
0x000007fef8ae0000 - 0x000007fef8ae5000 	C:\Windows\system32\api-ms-win-crt-math-l1-1-0.dll
0x000007fef8ad0000 - 0x000007fef8ad3000 	C:\Windows\system32\api-ms-win-crt-filesystem-l1-1-0.dll
0x000007fef8ac0000 - 0x000007fef8ac3000 	C:\Windows\system32\api-ms-win-crt-time-l1-1-0.dll
0x000007fefa110000 - 0x000007fefa113000 	C:\Windows\system32\api-ms-win-crt-environment-l1-1-0.dll
0x000007fef9c20000 - 0x000007fef9c23000 	C:\Windows\system32\api-ms-win-crt-utility-l1-1-0.dll
0x0000000066530000 - 0x0000000066d90000 	C:\Program Files\Java\jdk1.8.0_291\jre\bin\server\jvm.dll
0x000007fefb4d0000 - 0x000007fefb4d9000 	C:\Windows\system32\WSOCK32.dll
0x000007fefd920000 - 0x000007fefd96d000 	C:\Windows\system32\WS2_32.dll
0x000007fefe4b0000 - 0x000007fefe4b8000 	C:\Windows\system32\NSI.dll
0x000007fefb070000 - 0x000007fefb0ab000 	C:\Windows\system32\WINMM.dll
0x000007fefc430000 - 0x000007fefc43c000 	C:\Windows\system32\VERSION.dll
0x00000000779a0000 - 0x00000000779a7000 	C:\Windows\system32\PSAPI.DLL
0x000007fef8ab0000 - 0x000007fef8ac0000 	C:\Program Files\Java\jdk1.8.0_291\jre\bin\verify.dll
0x000007fef8a80000 - 0x000007fef8aab000 	C:\Program Files\Java\jdk1.8.0_291\jre\bin\java.dll
0x000007fef6df0000 - 0x000007fef6e26000 	C:\Program Files\Java\jdk1.8.0_291\jre\bin\jdwp.dll
0x000007fef8070000 - 0x000007fef8079000 	C:\Program Files\Java\jdk1.8.0_291\jre\bin\npt.dll
0x000007fef7390000 - 0x000007fef73c0000 	C:\Program Files\Java\jdk1.8.0_291\jre\bin\instrument.dll
0x000007fef89c0000 - 0x000007fef89d8000 	C:\Program Files\Java\jdk1.8.0_291\jre\bin\zip.dll
0x000007fefed60000 - 0x000007feffaeb000 	C:\Windows\system32\SHELL32.dll
0x000007fefeb40000 - 0x000007fefed3f000 	C:\Windows\system32\ole32.dll
0x000007fefd360000 - 0x000007fefd36f000 	C:\Windows\system32\profapi.dll
0x000007fef8990000 - 0x000007fef899a000 	C:\Program Files\Java\jdk1.8.0_291\jre\bin\dt_socket.dll
0x000007fefb1d0000 - 0x000007fefb1e5000 	C:\Windows\system32\NLAapi.dll
0x000007feef940000 - 0x000007feef955000 	C:\Windows\system32\napinsp.dll
0x000007feef920000 - 0x000007feef939000 	C:\Windows\system32\pnrpnsp.dll
0x000007fefcab0000 - 0x000007fefcb05000 	C:\Windows\System32\mswsock.dll
0x000007fefc930000 - 0x000007fefc98b000 	C:\Windows\system32\DNSAPI.dll
0x000007feef910000 - 0x000007feef91b000 	C:\Windows\System32\winrnr.dll
0x000007feef900000 - 0x000007feef910000 	C:\Windows\system32\wshbth.dll
0x000007fefa950000 - 0x000007fefa977000 	C:\Windows\system32\IPHLPAPI.DLL
0x000007fefa940000 - 0x000007fefa94b000 	C:\Windows\system32\WINNSI.DLL
0x000007fefa2f0000 - 0x000007fefa343000 	C:\Windows\System32\fwpuclnt.dll
0x000007fef9010000 - 0x000007fef9018000 	C:\Windows\system32\rasadhlp.dll
0x000007fefc500000 - 0x000007fefc507000 	C:\Windows\System32\wshtcpip.dll
0x000007feedd10000 - 0x000007feede35000 	C:\Windows\system32\dbghelp.dll

VM Arguments:
jvm_args: -agentlib:jdwp=transport=dt_socket,suspend=y,address=localhost:61791 -javaagent:E:\Selenium Automation\Automation\Eclipse\eclipse\configuration\org.eclipse.osgi\418\0\.cp\lib\javaagent-shaded.jar -Dfile.encoding=Cp1252 
java_command: automation.AutomationofNukri
java_class_path (initial): C:\Program Files\Java\jdk1.8.0_291\jre\lib\resources.jar;C:\Program Files\Java\jdk1.8.0_291\jre\lib\rt.jar;C:\Program Files\Java\jdk1.8.0_291\jre\lib\jsse.jar;C:\Program Files\Java\jdk1.8.0_291\jre\lib\jce.jar;C:\Program Files\Java\jdk1.8.0_291\jre\lib\charsets.jar;C:\Program Files\Java\jdk1.8.0_291\jre\lib\jfr.jar;C:\Program Files\Java\jdk1.8.0_291\jre\lib\ext\access-bridge-64.jar;C:\Program Files\Java\jdk1.8.0_291\jre\lib\ext\cldrdata.jar;C:\Program Files\Java\jdk1.8.0_291\jre\lib\ext\dnsns.jar;C:\Program Files\Java\jdk1.8.0_291\jre\lib\ext\jaccess.jar;C:\Program Files\Java\jdk1.8.0_291\jre\lib\ext\jfxrt.jar;C:\Program Files\Java\jdk1.8.0_291\jre\lib\ext\localedata.jar;C:\Program Files\Java\jdk1.8.0_291\jre\lib\ext\nashorn.jar;C:\Program Files\Java\jdk1.8.0_291\jre\lib\ext\sunec.jar;C:\Program Files\Java\jdk1.8.0_291\jre\lib\ext\sunjce_provider.jar;C:\Program Files\Java\jdk1.8.0_291\jre\lib\ext\sunmscapi.jar;C:\Program Files\Java\jdk1.8.0_291\jre\lib\ext\sunpkcs11.jar;C:\Program Files\Java\jdk1.8.0_291\jre\lib\ext\zipfs.jar;E:\Selenium Automation\Automation\Selenium\bin;E:\Selenium Automation\Automation\Selenium\Library\Selenium\byte-buddy-1.8.15.jar;E:\Selenium Automation\Automation\Selenium\Library\Selenium\client-combined-3.141.59-sources.jar;E:\Selenium Automation\Automation\Selenium\Library\Selenium\client-combined-3.141.59.jar;E:\Selenium Automation\Automation\Selenium\Library\Selenium\commons-exec-1.3.jar;E:\Selenium Automation\Automation\Selenium\Library\Selenium\guava-25.0-jre.jar;E:\Selenium Automation\Automation\Selenium\Library\Selenium\okhttp-3.11.0.jar;E:\Selenium Automation\Automation\Selenium\Library\Selenium\okio-1.14.0.jar;E:\Selenium Automation\Automation\Eclipse\eclipse\configuration\org.eclipse.osgi\418\0\.cp\lib\javaagent-shaded.jar
Launcher Type: SUN_STANDARD

Environment Variables:
PATH=C:\Program Files\Java\jdk1.8.0_291\jre\bin;C:/Program Files/Java/jdk1.8.0_291/bin/../jre/bin/server;C:/Program Files/Java/jdk1.8.0_291/bin/../jre/bin;C:/Program Files/Java/jdk1.8.0_291/bin/../jre/lib/amd64;C:\Program Files\Java\jdk1.8.0_291\bin;E:\Selenium Automation\Automation\Eclipse\eclipse;
USERNAME=admin
OS=Windows_NT
PROCESSOR_IDENTIFIER=Intel64 Family 6 Model 58 Stepping 9, GenuineIntel



---------------  S Y S T E M  ---------------

OS: Windows 7 , 64 bit Build 7601 (6.1.7601.24545)

CPU:total 4 (initial active 4) (2 cores per cpu, 2 threads per core) family 6 model 58 stepping 9, cmov, cx8, fxsr, mmx, sse, sse2, sse3, ssse3, sse4.1, sse4.2, popcnt, avx, clmul, erms, ht, tsc, tscinvbit, tscinv

Memory: 4k page, physical 4066664k(865976k free), swap 9109660k(699104k free)

vm_info: Java HotSpot(TM) 64-Bit Server VM (25.291-b10) for windows-amd64 JRE (1.8.0_291-b10), built on Apr  9 2021 00:02:00 by "java_re" with MS VC++ 15.9 (VS2017)

time: Fri Jul 23 22:14:26 2021
timezone: India Standard Time
elapsed time: 17292.437339 seconds (0d 4h 48m 12s)

